


materialPath: d:\steam\SteamApps\sourcemods\swarmdeferred\materials
Loading d:\steam\steamapps\sourcemods\swarmdeferred\maps\buildcubemap.vmf
fixing up env_cubemap materials on brush sides...
0...1...2...3...4...5...6...7...8...9...10**** leaked ****
Processing areas...done (0)
Building Faces...done (0)
FixTjuncs...
PruneNodes...
WriteBSP...
done (0)
Finding displacement neighbors...
Finding lightmap sample positions...
Displacement Alpha : 0...1...2...3...4...5...6...7...8...9...10
Building Physics collision data...
done (0) (2673 bytes)
Placing detail props : 0...1...2...3...4...5...6...7...8...9...10
Compacting texture/material tables...
Reduced 9 texinfos to 7
Reduced 7 texdatas to 7 (114 bytes to 114)
Writing d:\steam\steamapps\sourcemods\swarmdeferred\maps\buildcubemap.bsp
0 seconds elapsed



8 threads
reading d:\steam\steamapps\sourcemods\swarmdeferred\maps\buildcubemap.bsp
reading d:\steam\steamapps\sourcemods\swarmdeferred\maps\buildcubemap.prt
LoadPortals: couldn't read d:\steam\steamapps\sourcemods\swarmdeferred\maps\buildcubemap.prt



materialPath: d:\steam\SteamApps\sourcemods\swarmdeferred\materials
Loading d:\steam\steamapps\sourcemods\swarmdeferred\maps\buildcubemap.vmf
fixing up env_cubemap materials on brush sides...
0...1...2...3...4...5...6...7...8...9...10**** leaked ****
Processing areas...done (0)
Building Faces...done (0)
FixTjuncs...
PruneNodes...
WriteBSP...
done (0)
Finding displacement neighbors...
Finding lightmap sample positions...
Displacement Alpha : 0...1...2...3...4...5...6...7...8...9...10
Building Physics collision data...
done (0) (2673 bytes)
Placing detail props : 0...1...2...3...4...5...6...7...8...9...10
Compacting texture/material tables...
Reduced 9 texinfos to 7
Reduced 7 texdatas to 7 (114 bytes to 114)
Writing d:\steam\steamapps\sourcemods\swarmdeferred\maps\buildcubemap.bsp
0 seconds elapsed



8 threads
reading d:\steam\steamapps\sourcemods\swarmdeferred\maps\buildcubemap.bsp
reading d:\steam\steamapps\sourcemods\swarmdeferred\maps\buildcubemap.prt
LoadPortals: couldn't read d:\steam\steamapps\sourcemods\swarmdeferred\maps\buildcubemap.prt



materialPath: d:\steam\SteamApps\sourcemods\swarmdeferred\materials
Loading d:\steam\steamapps\sourcemods\swarmdeferred\maps\buildcubemap.vmf
fixing up env_cubemap materials on brush sides...
0...1...2...3...4...5...6...7...8...9...10**** leaked ****
Processing areas...done (0)
Building Faces...done (0)
Chop Details...done (0)
Find Visible Detail Sides...done (0)
Merging details...done (0)
FixTjuncs...
PruneNodes...
WriteBSP...
done (0)
Finding displacement neighbors...
Finding lightmap sample positions...
Displacement Alpha : 0...1...2...3...4...5...6...7...8...9...10
Building Physics collision data...
done (0) (2673 bytes)
Placing detail props : 0...1...2...3...4...5...6...7...8...9...10
Compacting texture/material tables...
Reduced 9 texinfos to 7
Reduced 7 texdatas to 7 (114 bytes to 114)
Writing d:\steam\steamapps\sourcemods\swarmdeferred\maps\buildcubemap.bsp
0 seconds elapsed



8 threads
reading d:\steam\steamapps\sourcemods\swarmdeferred\maps\buildcubemap.bsp
reading d:\steam\steamapps\sourcemods\swarmdeferred\maps\buildcubemap.prt
LoadPortals: couldn't read d:\steam\steamapps\sourcemods\swarmdeferred\maps\buildcubemap.prt



materialPath: d:\steam\SteamApps\sourcemods\swarmdeferred\materials
Loading d:\steam\steamapps\sourcemods\swarmdeferred\maps\buildcubemap.vmf
fixing up env_cubemap materials on brush sides...
0...1...2...3...4...5...6...7...8...9...10**** leaked ****
Processing areas...done (0)
Building Faces...done (0)
Chop Details...done (0)
Find Visible Detail Sides...done (0)
Merging details...done (0)
FixTjuncs...
PruneNodes...
WriteBSP...
done (0)
Finding displacement neighbors...
Finding lightmap sample positions...
Displacement Alpha : 0...1...2...3...4...5...6...7...8...9...10
Building Physics collision data...
done (0) (4790 bytes)
Placing detail props : 0...1...2...3...4...5...6...7...8...9...10
Compacting texture/material tables...
Reduced 12 texinfos to 8
Reduced 8 texdatas to 8 (132 bytes to 132)
Writing d:\steam\steamapps\sourcemods\swarmdeferred\maps\buildcubemap.bsp
0 seconds elapsed



8 threads
reading d:\steam\steamapps\sourcemods\swarmdeferred\maps\buildcubemap.bsp
reading d:\steam\steamapps\sourcemods\swarmdeferred\maps\buildcubemap.prt
LoadPortals: couldn't read d:\steam\steamapps\sourcemods\swarmdeferred\maps\buildcubemap.prt



materialPath: d:\steam\SteamApps\sourcemods\swarmdeferred\materials
Loading d:\steam\steamapps\sourcemods\swarmdeferred\maps\buildcubemap.vmf
fixing up env_cubemap materials on brush sides...
0...1...2...3...4...5...6...7...8...9...100...1...2...3...4...5...6...7...8...9...10Processing areas...done (0)
Building Faces...done (0)
Chop Details...done (0)
Find Visible Detail Sides...done (0)
Merging details...done (0)
FixTjuncs...
PruneNodes...
WriteBSP...
done (0)
writing d:\steam\steamapps\sourcemods\swarmdeferred\maps\buildcubemap.prt...Building visibility clusters...
done (0)
Finding displacement neighbors...
Finding lightmap sample positions...
Displacement Alpha : 0...1...2...3...4...5...6...7...8...9...10
Building Physics collision data...
done (0) (4790 bytes)
Placing detail props : 0...1...2...3...4...5...6...7...8...9...10
Compacting texture/material tables...
Reduced 12 texinfos to 8
Reduced 8 texdatas to 8 (132 bytes to 132)
Writing d:\steam\steamapps\sourcemods\swarmdeferred\maps\buildcubemap.bsp
0 seconds elapsed



8 threads
reading d:\steam\steamapps\sourcemods\swarmdeferred\maps\buildcubemap.bsp
reading d:\steam\steamapps\sourcemods\swarmdeferred\maps\buildcubemap.prt
   4 portalclusters
   4 numportals
0...1...2...3...4...5...6...7...8...9...100...1...2...3...4...5...6...7...8...9...10Optimized: 0 visible clusters (0.00%)
Total clusters visible: 16
Average clusters visible: 4
Building PAS...
Average clusters audible: 4
visdatasize:44  compressed from 64
writing d:\steam\steamapps\sourcemods\swarmdeferred\maps\buildcubemap.bsp
0 seconds elapsed



[Reading texlights from 'lights.rad']
[45 texlights parsed from 'lights.rad']

Loading d:\steam\steamapps\sourcemods\swarmdeferred\maps\buildcubemap.bsp
16 faces
43690 square feet [6291456.00 square inches]
0 Displacements
0 Square Feet [0.00 Square Inches]
16 patches before subdivision
16 patches after subdivision
1 direct lights
0...1...2...3...4...5...6...7...8...9...100...1...2...3...4...5...6...7...8...9...10transfers 200, max 14
transfer lists:   0.0 megs
0...1...2...3...4...5...6...7...8...9...10	Bounce #1 added RGB(0, 0, 0)
Build Patch/Sample Hash Table(s).....Done<0.0000 sec>
0...1...2...3...4...5...6...7...8...9...10FinalLightFace Done
0 of 0 (0% of) surface lights went in leaf ambient cubes.
0...1...2...3...4...5...6...7...8...9...10Writing leaf ambient...done
Ready to Finish

Object names       Objects/Maxobjs  Memory / Maxmem  Fullness 
------------       ---------------  ---------------  -------- 
models                   1/1024           48/49152    ( 0.1%) 
brushes                 13/8192          156/98304    ( 0.2%) 
brushsides              78/65536         624/524288   ( 0.1%) 
planes                  76/65536        1520/1310720  ( 0.1%) 
vertexes                27/65536         324/786432   ( 0.0%) 
nodes                   31/65536         992/2097152  ( 0.0%) 
texinfos                 8/12288         576/884736   ( 0.1%) 
texdata                  8/2048          256/65536    ( 0.4%) 
dispinfos                0/0               0/0        ( 0.0%) 
disp_verts               0/0               0/0        ( 0.0%) 
disp_tris                0/0               0/0        ( 0.0%) 
disp_multiblend          0/0               0/0        ( 0.0%) 
disp_lmsamples           0/0               0/0        ( 0.0%) 
faces                   16/65536         896/3670016  ( 0.0%) 
hdr faces               16/65536         896/3670016  ( 0.0%) 
origfaces                6/65536         336/3670016  ( 0.0%) 
leaves                  33/65536        1056/2097152  ( 0.1%) 
leaffaces               16/65536          32/131072   ( 0.0%) 
leafbrushes             71/65536         142/131072   ( 0.1%) 
areas                    2/256            16/2048     ( 0.8%) 
surfedges               88/512000        352/2048000  ( 0.0%) 
edges                   45/256000        180/1024000  ( 0.0%) 
LDR worldlights          0/8192            0/819200   ( 0.0%) 
HDR worldlights          1/8192          100/819200   ( 0.0%) 
leafwaterdata            0/32768           0/393216   ( 0.0%) 
waterstrips              0/32768           0/327680   ( 0.0%) 
waterverts               0/65536           0/786432   ( 0.0%) 
waterindices             0/65536           0/131072   ( 0.0%) 
cubemapsamples           1/1024           16/16384    ( 0.1%) 
overlays                 0/512             0/180224   ( 0.0%) 
LDR lightdata         [variable]           0/0        ( 0.0%) 
HDR lightdata         [variable]           0/0        ( 0.0%) 
visdata               [variable]          44/16777216 ( 0.0%) 
entdata               [variable]         485/393216   ( 0.1%) 
LDR ambient table       33/65536         132/262144   ( 0.1%) 
HDR ambient table       33/65536         132/262144   ( 0.1%) 
LDR leaf ambient        33/65536         924/1835008  ( 0.1%) 
HDR leaf ambient         4/65536         112/1835008  ( 0.0%) 
occluders                0/0               0/0        ( 0.0%) 
occluder polygons        0/0               0/0        ( 0.0%) 
occluder vert ind        0/0               0/0        ( 0.0%) 
Prop Hull Verts          0/0               0/0        ( 0.0%) 
Prop Hull Blob           0/0               0/0        ( 0.0%) 
Prop Hull Lists          0/0               0/0        ( 0.0%) 
Prop Hulls               0/0               0/0        ( 0.0%) 
Prop Hull trilist        0/0               0/0        ( 0.0%) 
detail props          [variable]           1/12       ( 8.3%) 
static props          [variable]           1/12       ( 8.3%) 
pakfile               [variable]      148806/0        ( 0.0%) 
physics               [variable]        4790/4194304  ( 0.1%) 
physics terrain       [variable]           2/1048576  ( 0.0%) 

Level flags = 2

Total triangle count: 32
Writing d:\steam\steamapps\sourcemods\swarmdeferred\maps\buildcubemap.bsp
0 seconds elapsed



materialPath: d:\steam\SteamApps\sourcemods\swarmdeferred\materials
Loading d:\steam\steamapps\sourcemods\swarmdeferred\maps\buildcubemap.vmf
fixing up env_cubemap materials on brush sides...
0...1...2...3...4...5...6...7...8...9...100...1...2...3...4...5...6...7...8...9...10Processing areas...done (0)
Building Faces...done (0)
Chop Details...done (0)
Find Visible Detail Sides...done (0)
Merging details...done (0)
FixTjuncs...
PruneNodes...
WriteBSP...
done (0)
writing d:\steam\steamapps\sourcemods\swarmdeferred\maps\buildcubemap.prt...Building visibility clusters...
done (0)
Finding displacement neighbors...
Finding lightmap sample positions...
Displacement Alpha : 0...1...2...3...4...5...6...7...8...9...10
Building Physics collision data...
done (0) (2673 bytes)
Placing detail props : 0...1...2...3...4...5...6...7...8...9...10
Compacting texture/material tables...
Reduced 9 texinfos to 7
Reduced 7 texdatas to 7 (114 bytes to 114)
Writing d:\steam\steamapps\sourcemods\swarmdeferred\maps\buildcubemap.bsp
0 seconds elapsed



8 threads
reading d:\steam\steamapps\sourcemods\swarmdeferred\maps\buildcubemap.bsp
reading d:\steam\steamapps\sourcemods\swarmdeferred\maps\buildcubemap.prt
   4 portalclusters
   4 numportals
0...1...2...3...4...5...6...7...8...9...100...1...2...3...4...5...6...7...8...9...10Optimized: 0 visible clusters (0.00%)
Total clusters visible: 16
Average clusters visible: 4
Building PAS...
Average clusters audible: 4
visdatasize:44  compressed from 64
writing d:\steam\steamapps\sourcemods\swarmdeferred\maps\buildcubemap.bsp
0 seconds elapsed



[Reading texlights from 'lights.rad']
[45 texlights parsed from 'lights.rad']

Loading d:\steam\steamapps\sourcemods\swarmdeferred\maps\buildcubemap.bsp
16 faces
43690 square feet [6291456.00 square inches]
0 Displacements
0 Square Feet [0.00 Square Inches]
16 patches before subdivision
16 patches after subdivision
1 direct lights
0...1...2...3...4...5...6...7...8...9...100...1...2...3...4...5...6...7...8...9...10transfers 200, max 14
transfer lists:   0.0 megs
0...1...2...3...4...5...6...7...8...9...10	Bounce #1 added RGB(0, 0, 0)
Build Patch/Sample Hash Table(s).....Done<0.0000 sec>
0...1...2...3...4...5...6...7...8...9...10FinalLightFace Done
0 of 0 (0% of) surface lights went in leaf ambient cubes.
0...1...2...3...4...5...6...7...8...9...10Writing leaf ambient...done
Ready to Finish

Object names       Objects/Maxobjs  Memory / Maxmem  Fullness 
------------       ---------------  ---------------  -------- 
models                   1/1024           48/49152    ( 0.1%) 
brushes                  7/8192           84/98304    ( 0.1%) 
brushsides              42/65536         336/524288   ( 0.1%) 
planes                  52/65536        1040/1310720  ( 0.1%) 
vertexes                27/65536         324/786432   ( 0.0%) 
nodes                   27/65536         864/2097152  ( 0.0%) 
texinfos                 7/12288         504/884736   ( 0.1%) 
texdata                  7/2048          224/65536    ( 0.3%) 
dispinfos                0/0               0/0        ( 0.0%) 
disp_verts               0/0               0/0        ( 0.0%) 
disp_tris                0/0               0/0        ( 0.0%) 
disp_multiblend          0/0               0/0        ( 0.0%) 
disp_lmsamples           0/0               0/0        ( 0.0%) 
faces                   16/65536         896/3670016  ( 0.0%) 
hdr faces               16/65536         896/3670016  ( 0.0%) 
origfaces                6/65536         336/3670016  ( 0.0%) 
leaves                  29/65536         928/2097152  ( 0.0%) 
leaffaces               16/65536          32/131072   ( 0.0%) 
leafbrushes             20/65536          40/131072   ( 0.0%) 
areas                    2/256            16/2048     ( 0.8%) 
surfedges               88/512000        352/2048000  ( 0.0%) 
edges                   45/256000        180/1024000  ( 0.0%) 
LDR worldlights          0/8192            0/819200   ( 0.0%) 
HDR worldlights          1/8192          100/819200   ( 0.0%) 
leafwaterdata            0/32768           0/393216   ( 0.0%) 
waterstrips              0/32768           0/327680   ( 0.0%) 
waterverts               0/65536           0/786432   ( 0.0%) 
waterindices             0/65536           0/131072   ( 0.0%) 
cubemapsamples           1/1024           16/16384    ( 0.1%) 
overlays                 0/512             0/180224   ( 0.0%) 
LDR lightdata         [variable]           0/0        ( 0.0%) 
HDR lightdata         [variable]           0/0        ( 0.0%) 
visdata               [variable]          44/16777216 ( 0.0%) 
entdata               [variable]         474/393216   ( 0.1%) 
LDR ambient table       29/65536         116/262144   ( 0.0%) 
HDR ambient table       29/65536         116/262144   ( 0.0%) 
LDR leaf ambient        29/65536         812/1835008  ( 0.0%) 
HDR leaf ambient         4/65536         112/1835008  ( 0.0%) 
occluders                0/0               0/0        ( 0.0%) 
occluder polygons        0/0               0/0        ( 0.0%) 
occluder vert ind        0/0               0/0        ( 0.0%) 
Prop Hull Verts          0/0               0/0        ( 0.0%) 
Prop Hull Blob           0/0               0/0        ( 0.0%) 
Prop Hull Lists          0/0               0/0        ( 0.0%) 
Prop Hulls               0/0               0/0        ( 0.0%) 
Prop Hull trilist        0/0               0/0        ( 0.0%) 
detail props          [variable]           1/12       ( 8.3%) 
static props          [variable]           1/12       ( 8.3%) 
pakfile               [variable]      148806/0        ( 0.0%) 
physics               [variable]        2673/4194304  ( 0.1%) 
physics terrain       [variable]           2/1048576  ( 0.0%) 

Level flags = 2

Total triangle count: 32
Writing d:\steam\steamapps\sourcemods\swarmdeferred\maps\buildcubemap.bsp
0 seconds elapsed



materialPath: d:\steam\SteamApps\sourcemods\swarmdeferred\materials
Loading d:\steam\steamapps\sourcemods\swarmdeferred\maps\buildcubemap.vmf
Material not found!: CUBEMAPS/CMD_BK
Material not found!: CUBEMAPS/CMD_LF
Material not found!: CUBEMAPS/CMD_FT
Material not found!: CUBEMAPS/CMD_RT
Material not found!: CUBEMAPS/CMD_DN
Material not found!: CUBEMAPS/CMD_UP
fixing up env_cubemap materials on brush sides...
0...1...2...3...4...5...6...7...8...9...100...1...2...3...4...5...6...7...8...9...10Processing areas...done (0)
Building Faces...done (0)
Chop Details...done (0)
Find Visible Detail Sides...done (0)
Merging details...done (0)
FixTjuncs...
PruneNodes...
WriteBSP...
done (0)
writing d:\steam\steamapps\sourcemods\swarmdeferred\maps\buildcubemap.prt...Building visibility clusters...
done (0)
Finding displacement neighbors...
Finding lightmap sample positions...
Displacement Alpha : 0...1...2...3...4...5...6...7...8...9...10
Building Physics collision data...
done (0) (2687 bytes)
Placing detail props : 0...1...2...3...4...5...6...7...8...9...10
Compacting texture/material tables...
Reduced 9 texinfos to 7
Reduced 7 texdatas to 7 (114 bytes to 114)
Writing d:\steam\steamapps\sourcemods\swarmdeferred\maps\buildcubemap.bsp
0 seconds elapsed



8 threads
reading d:\steam\steamapps\sourcemods\swarmdeferred\maps\buildcubemap.bsp
reading d:\steam\steamapps\sourcemods\swarmdeferred\maps\buildcubemap.prt
   4 portalclusters
   4 numportals
0...1...2...3...4...5...6...7...8...9...100...1...2...3...4...5...6...7...8...9...10Optimized: 0 visible clusters (0.00%)
Total clusters visible: 16
Average clusters visible: 4
Building PAS...
Average clusters audible: 4
visdatasize:44  compressed from 64
writing d:\steam\steamapps\sourcemods\swarmdeferred\maps\buildcubemap.bsp
0 seconds elapsed



[Reading texlights from 'lights.rad']
[45 texlights parsed from 'lights.rad']

Loading d:\steam\steamapps\sourcemods\swarmdeferred\maps\buildcubemap.bsp
16 faces
43690 square feet [6291456.00 square inches]
0 Displacements
0 Square Feet [0.00 Square Inches]
16 patches before subdivision
16 patches after subdivision
1 direct lights
0...1...2...3...4...5...6...7...8...9...100...1...2...3...4...5...6...7...8...9...10transfers 192, max 13
transfer lists:   0.0 megs
0...1...2...3...4...5...6...7...8...9...10	Bounce #1 added RGB(0, 0, 0)
Build Patch/Sample Hash Table(s).....Done<0.0000 sec>
0...1...2...3...4...5...6...7...8...9...10FinalLightFace Done
0 of 0 (0% of) surface lights went in leaf ambient cubes.
0...1...2...3...4...5...6...7...8...9...10Writing leaf ambient...done
Computing static prop lighting : 00...1...2...3...4...5...6...7...8...9...10
Ready to Finish

Object names       Objects/Maxobjs  Memory / Maxmem  Fullness 
------------       ---------------  ---------------  -------- 
models                   1/1024           48/49152    ( 0.1%) 
brushes                  7/8192           84/98304    ( 0.1%) 
brushsides              42/65536         336/524288   ( 0.1%) 
planes                  52/65536        1040/1310720  ( 0.1%) 
vertexes                27/65536         324/786432   ( 0.0%) 
nodes                   27/65536         864/2097152  ( 0.0%) 
texinfos                 7/12288         504/884736   ( 0.1%) 
texdata                  7/2048          224/65536    ( 0.3%) 
dispinfos                0/0               0/0        ( 0.0%) 
disp_verts               0/0               0/0        ( 0.0%) 
disp_tris                0/0               0/0        ( 0.0%) 
disp_multiblend          0/0               0/0        ( 0.0%) 
disp_lmsamples           0/0               0/0        ( 0.0%) 
faces                   16/65536         896/3670016  ( 0.0%) 
hdr faces               16/65536         896/3670016  ( 0.0%) 
origfaces                6/65536         336/3670016  ( 0.0%) 
leaves                  29/65536         928/2097152  ( 0.0%) 
leaffaces               16/65536          32/131072   ( 0.0%) 
leafbrushes             20/65536          40/131072   ( 0.0%) 
areas                    2/256            16/2048     ( 0.8%) 
surfedges               88/512000        352/2048000  ( 0.0%) 
edges                   45/256000        180/1024000  ( 0.0%) 
LDR worldlights          0/8192            0/819200   ( 0.0%) 
HDR worldlights          1/8192          100/819200   ( 0.0%) 
leafwaterdata            0/32768           0/393216   ( 0.0%) 
waterstrips              0/32768           0/327680   ( 0.0%) 
waterverts               0/65536           0/786432   ( 0.0%) 
waterindices             0/65536           0/131072   ( 0.0%) 
cubemapsamples           1/1024           16/16384    ( 0.1%) 
overlays                 0/512             0/180224   ( 0.0%) 
LDR lightdata         [variable]           0/0        ( 0.0%) 
HDR lightdata         [variable]           0/0        ( 0.0%) 
visdata               [variable]          44/16777216 ( 0.0%) 
entdata               [variable]         475/393216   ( 0.1%) 
LDR ambient table       29/65536         116/262144   ( 0.0%) 
HDR ambient table       29/65536         116/262144   ( 0.0%) 
LDR leaf ambient        29/65536         812/1835008  ( 0.0%) 
HDR leaf ambient         4/65536         112/1835008  ( 0.0%) 
occluders                0/0               0/0        ( 0.0%) 
occluder polygons        0/0               0/0        ( 0.0%) 
occluder vert ind        0/0               0/0        ( 0.0%) 
Prop Hull Verts          0/0               0/0        ( 0.0%) 
Prop Hull Blob           0/0               0/0        ( 0.0%) 
Prop Hull Lists          0/0               0/0        ( 0.0%) 
Prop Hulls               0/0               0/0        ( 0.0%) 
Prop Hull trilist        0/0               0/0        ( 0.0%) 
detail props          [variable]           1/12       ( 8.3%) 
static props          [variable]           1/220      ( 0.5%) 
pakfile               [variable]      154026/0        ( 0.0%) 
physics               [variable]        2687/4194304  ( 0.1%) 
physics terrain       [variable]           2/1048576  ( 0.0%) 

Level flags = 2

Total triangle count: 32
Writing d:\steam\steamapps\sourcemods\swarmdeferred\maps\buildcubemap.bsp
23 seconds elapsed



materialPath: d:\steam\SteamApps\sourcemods\swarmdeferred\materials
Loading d:\steam\steamapps\sourcemods\swarmdeferred\maps\buildcubemap.vmf
Material not found!: CUBEMAPS/CMD_BK
Material not found!: CUBEMAPS/CMD_LF
Material not found!: CUBEMAPS/CMD_FT
Material not found!: CUBEMAPS/CMD_RT
Material not found!: CUBEMAPS/CMD_DN
Material not found!: CUBEMAPS/CMD_UP
fixing up env_cubemap materials on brush sides...
0...1...2...3...4...5...6...7...8...9...100...1...2...3...4...5...6...7...8...9...10Processing areas...done (0)
Building Faces...done (0)
Chop Details...done (0)
Find Visible Detail Sides...done (0)
Merging details...done (0)
FixTjuncs...
PruneNodes...
WriteBSP...
done (0)
writing d:\steam\steamapps\sourcemods\swarmdeferred\maps\buildcubemap.prt...Building visibility clusters...
done (0)
Finding displacement neighbors...
Finding lightmap sample positions...
Displacement Alpha : 0...1...2...3...4...5...6...7...8...9...10
Building Physics collision data...
done (0) (2687 bytes)
Placing detail props : 0...1...2...3...4...5...6...7...8...9...10
Compacting texture/material tables...
Reduced 9 texinfos to 7
Reduced 7 texdatas to 7 (114 bytes to 114)
Writing d:\steam\steamapps\sourcemods\swarmdeferred\maps\buildcubemap.bsp
0 seconds elapsed



8 threads
reading d:\steam\steamapps\sourcemods\swarmdeferred\maps\buildcubemap.bsp
reading d:\steam\steamapps\sourcemods\swarmdeferred\maps\buildcubemap.prt
   4 portalclusters
   4 numportals
0...1...2...3...4...5...6...7...8...9...100...1...2...3...4...5...6...7...8...9...10Optimized: 0 visible clusters (0.00%)
Total clusters visible: 16
Average clusters visible: 4
Building PAS...
Average clusters audible: 4
visdatasize:44  compressed from 64
writing d:\steam\steamapps\sourcemods\swarmdeferred\maps\buildcubemap.bsp
0 seconds elapsed



[Reading texlights from 'lights.rad']
[45 texlights parsed from 'lights.rad']

Loading d:\steam\steamapps\sourcemods\swarmdeferred\maps\buildcubemap.bsp
16 faces
43690 square feet [6291456.00 square inches]
0 Displacements
0 Square Feet [0.00 Square Inches]
16 patches before subdivision
16 patches after subdivision
1 direct lights
0...1...2...3...4...5...6...7...8...9...100...1...2...3...4...5...6...7...8...9...10transfers 188, max 13
transfer lists:   0.0 megs
0...1...2...3...4...5...6...7...8...9...10	Bounce #1 added RGB(0, 0, 0)
Build Patch/Sample Hash Table(s).....Done<0.0000 sec>
0...1...2...3...4...5...6...7...8...9...10FinalLightFace Done
0 of 0 (0% of) surface lights went in leaf ambient cubes.
0...1...2...3...4...5...6...7...8...9...10Writing leaf ambient...done
Computing static prop lighting : 00...1...2...3...4...5...6...7...8...9...10
Ready to Finish

Object names       Objects/Maxobjs  Memory / Maxmem  Fullness 
------------       ---------------  ---------------  -------- 
models                   1/1024           48/49152    ( 0.1%) 
brushes                  7/8192           84/98304    ( 0.1%) 
brushsides              42/65536         336/524288   ( 0.1%) 
planes                  52/65536        1040/1310720  ( 0.1%) 
vertexes                27/65536         324/786432   ( 0.0%) 
nodes                   27/65536         864/2097152  ( 0.0%) 
texinfos                 7/12288         504/884736   ( 0.1%) 
texdata                  7/2048          224/65536    ( 0.3%) 
dispinfos                0/0               0/0        ( 0.0%) 
disp_verts               0/0               0/0        ( 0.0%) 
disp_tris                0/0               0/0        ( 0.0%) 
disp_multiblend          0/0               0/0        ( 0.0%) 
disp_lmsamples           0/0               0/0        ( 0.0%) 
faces                   16/65536         896/3670016  ( 0.0%) 
hdr faces               16/65536         896/3670016  ( 0.0%) 
origfaces                6/65536         336/3670016  ( 0.0%) 
leaves                  29/65536         928/2097152  ( 0.0%) 
leaffaces               16/65536          32/131072   ( 0.0%) 
leafbrushes             20/65536          40/131072   ( 0.0%) 
areas                    2/256            16/2048     ( 0.8%) 
surfedges               88/512000        352/2048000  ( 0.0%) 
edges                   45/256000        180/1024000  ( 0.0%) 
LDR worldlights          0/8192            0/819200   ( 0.0%) 
HDR worldlights          1/8192          100/819200   ( 0.0%) 
leafwaterdata            0/32768           0/393216   ( 0.0%) 
waterstrips              0/32768           0/327680   ( 0.0%) 
waterverts               0/65536           0/786432   ( 0.0%) 
waterindices             0/65536           0/131072   ( 0.0%) 
cubemapsamples           5/1024           80/16384    ( 0.5%) 
overlays                 0/512             0/180224   ( 0.0%) 
LDR lightdata         [variable]           0/0        ( 0.0%) 
HDR lightdata         [variable]           0/0        ( 0.0%) 
visdata               [variable]          44/16777216 ( 0.0%) 
entdata               [variable]         475/393216   ( 0.1%) 
LDR ambient table       29/65536         116/262144   ( 0.0%) 
HDR ambient table       29/65536         116/262144   ( 0.0%) 
LDR leaf ambient        29/65536         812/1835008  ( 0.0%) 
HDR leaf ambient         4/65536         112/1835008  ( 0.0%) 
occluders                0/0               0/0        ( 0.0%) 
occluder polygons        0/0               0/0        ( 0.0%) 
occluder vert ind        0/0               0/0        ( 0.0%) 
Prop Hull Verts          0/0               0/0        ( 0.0%) 
Prop Hull Blob           0/0               0/0        ( 0.0%) 
Prop Hull Lists          0/0               0/0        ( 0.0%) 
Prop Hulls               0/0               0/0        ( 0.0%) 
Prop Hull trilist        0/0               0/0        ( 0.0%) 
detail props          [variable]           1/12       ( 8.3%) 
static props          [variable]           1/524      ( 0.2%) 
pakfile               [variable]      472374/0        ( 0.0%) 
physics               [variable]        2687/4194304  ( 0.1%) 
physics terrain       [variable]           2/1048576  ( 0.0%) 

Level flags = 2

Total triangle count: 32
Writing d:\steam\steamapps\sourcemods\swarmdeferred\maps\buildcubemap.bsp
23 seconds elapsed
